<?xml version="1.0" encoding="UTF-8"?>
<testsuite name="buy products on the website" tests="1" skipped="0" failures="0" errors="0" timestamp="2025-04-09T18:07:54" hostname="C11-6JKUCJ2SSR2" time="28.416">
  <properties/>
  <testcase name="check product purchase" classname="buy products on the website" time="28.416"/>
  <system-out><![CDATA[
Scenario Outline: check product purchase                     ?[90m# src/test/resources/features/BuyProducts.feature:26?[0m
  ?[32mGiven ?[0m?[32mthe user access to the web site?[0m                      ?[90m# co.com.certification.practiceautomatedtesting.stepdefinitions.BuyProductsWebsite.theUserAccessToTheWebSite()?[0m
  ?[32mAnd ?[0m?[32muser login?[0m                                             ?[90m# co.com.certification.practiceautomatedtesting.stepdefinitions.BuyProductsWebsite.userLogin(io.cucumber.datatable.DataTable)?[0m
    | user          | password     |
    | standard_user | secret_sauce |
  ?[32mWhen ?[0m?[32muser adds the products to the cart?[0m                    ?[90m# co.com.certification.practiceautomatedtesting.stepdefinitions.BuyProductsWebsite.userAddsTheProductsToTheCart(io.cucumber.datatable.DataTable)?[0m
    | amount |
    | 2      |
  ?[32mThen ?[0m?[32muser can view the products added to the shopping cart?[0m ?[90m# co.com.certification.practiceautomatedtesting.stepdefinitions.BuyProductsWebsite.userCanViewTheProductsAddedToTheShoppingCart(io.cucumber.datatable.DataTable)?[0m
    | amount |
    | 2      |
  ?[32mAnd ?[0m?[32muser fills out the purchase form?[0m                       ?[90m# co.com.certification.practiceautomatedtesting.stepdefinitions.BuyProductsWebsite.userFillsOutThePurchaseForm(io.cucumber.datatable.DataTable)?[0m
    | firstName | lastName | postalCode |
    | Josue     | Presley  | 5105       |
  ?[32mAnd ?[0m?[32muser can Checkout until confirmation?[0m                   ?[90m# co.com.certification.practiceautomatedtesting.stepdefinitions.BuyProductsWebsite.userCanCheckoutUntilConfirmation(io.cucumber.datatable.DataTable)?[0m
    | confirmationMessage       |
    | Thank you for your order! |
]]></system-out>
  <system-err><![CDATA[[Test worker] INFO  - 
  _____   ___   ___   _____     ___   _____     _     ___   _____   ___   ___  
 |_   _| | __| / __| |_   _|   / __| |_   _|   /_\   | _ \ |_   _| | __| |   \ 
   | |   | _|  \__ \   | |     \__ \   | |    / _ \  |   /   | |   | _|  | |) |
   |_|   |___| |___/   |_|     |___/   |_|   /_/ \_\ |_|_\   |_|   |___| |___/ 

check product purchase(buy-products-on-the-website;check-product-purchase)
--------------------------------------------------------------------------------
[Test worker] INFO co.com.certification.practiceautomatedtesting.tasks.OpenTheApplication - BUY PRODUCTS URL: https://www.saucedemo.com/
[Test worker] INFO net.serenitybdd.core.webdriver.driverproviders.ChromeDriverProvider - Starting Chrome driver instance with capabilities:
[Test worker] INFO net.serenitybdd.core.webdriver.driverproviders.ChromeDriverProvider - Capabilities {acceptInsecureCerts: false, browserName: chrome, goog:chromeOptions: {args: [start-maximized, incognito, start-maximized, incognito, remote-allow-origins=*], extensions: []}}
Apr 09, 2025 1:08:03 PM org.openqa.selenium.devtools.CdpVersionFinder findNearestMatch
WARNING: Unable to find CDP implementation matching 135
Apr 09, 2025 1:08:03 PM org.openqa.selenium.chromium.ChromiumDriver lambda$new$5
WARNING: Unable to find version of CDP to use for 135.0.7049.85. You may need to include a dependency on a specific version of the CDP using something similar to `org.seleniumhq.selenium:selenium-devtools-v86:4.23.1` where the version ("v86") matches the version of the chromium-based browser you're using and the version number of the artifact is the same as Selenium's.
[Test worker] INFO  - 
  _____   ___   ___   _____     ___     _     ___   ___   ___   ___  
 |_   _| | __| / __| |_   _|   | _ \   /_\   / __| / __| | __| |   \ 
   | |   | _|  \__ \   | |     |  _/  / _ \  \__ \ \__ \ | _|  | |) |
   |_|   |___| |___/   |_|     |_|   /_/ \_\ |___/ |___/ |___| |___/ 

check product purchase
----------------------------------------------------------------------
]]></system-err>
</testsuite>
